<?xml version="1.0" encoding="UTF-8"?>
<!-- Generated by org.testng.reporters.JUnitReportReporter -->
<testsuite hostname="DESKTOP-2HJLIK5" failures="0" tests="1" name="com.simplilearn.demo.mAadharTest" time="12.249" errors="0" timestamp="2022-10-14T00:53:53 IST" skipped="0">
  <testcase classname="com.simplilearn.demo.mAadharTest" name="launchChrome" time="12.249"/>
  <system-out/>
</testsuite> <!-- com.simplilearn.demo.mAadharTest -->
